
xv6 kernel is booting

kstack success
hart 1 starting
hart 2 starting
page table 0x0000000087f64000
..0: pte 0x0000000021fd8001 pa 0x0000000087f60000
.. ..0: pte 0x0000000021fd7c01 pa 0x0000000087f5f000
.. .. ..0: pte 0x0000000021fd841f pa 0x0000000087f61000
.. .. ..1: pte 0x0000000021fd780f pa 0x0000000087f5e000
.. .. ..2: pte 0x0000000021fd741f pa 0x0000000087f5d000
..255: pte 0x0000000021fd8c01 pa 0x0000000087f63000
.. ..511: pte 0x0000000021fd8801 pa 0x0000000087f62000
.. .. ..510: pte 0x0000000021fed807 pa 0x0000000087fb6000
.. .. ..511: pte 0x0000000020001c0b pa 0x0000000080007000
init: starting sh
kstack success
$ usertests
kstack success
usertests starting
kstack success
test execout: kstack success
kstack success
kstack success
kstack success
kstack success
kstack success
kstack success
kstack success
kstack success
kstack success
kstack success
kstack success
kstack success
kstack success
kstack success
kstack success
OK
test copyin: kstack success
OK
test copyout: kstack success
OK
test copyinstr1: kstack success
OK
test copyinstr2: kstack success
kstack success
OK
test copyinstr3: kstack success
OK
test truncate1: kstack success
OK
test truncate2: kstack success
OK
test truncate3: kstack success
kstack success
OK
test reparent2: kstack success
kstack success
kstack success
kstack success
kstack success
kstack success
kstack success
kstack success
kstack success
kstack success
kstack success
kstack success
kstack success
kstack success
kstack success
kstack success
kstack success
kstack success
kstack success
kstack success
kstack success
kstack success
kstack success
kstack success
kstack success
kstack success
kstack success
kstack success
kstack success
kstack success
kstack success
kstack success
kstack success
kstack success
kstack success
kstack success
kstack success
kstack success
kstack success
kstack success
kstack success
kstack success
kstack success
kstack success
kstack success
kstack success
kstack success
kstack success
kstack success
kstack success
kstack success
kstack success
kstack success
kstack success
kstack success
kstack success
kstack success
kstack success
kstack success
kstack success
kstack success
kstack success
kstack success
kstack success
kstack success
kstack success
kstack success
kstack success
kstack success
kstack success
kstack success
kstack success
kstack success
kstack success
kstack success
kstack success
kstack success
kstack success
kstack success
kstack success
kstack success
kstack success
kstack success
kstack success
kstack success
kstack success
kstack success
kstack success
kstack success
kstack success
kstack success
kstack success
kstack success
kstack success
kstack success
kstack success
kstack success
kstack success
kstack success
kstack success
kstack success
kstack success
kstack success
kstack success
kstack success
kstack success
kstack success
kstack success
kstack success
kstack success
kstack success
kstack success
kstack success
kstack success
kstack success
kstack success
kstack success
kstack success
kstack success
kstack success
kstack success
kstack success
kstack success
kstack success
kstack success
kstack success
kstack success
kstack success
kstack success
kstack success
kstack success
kstack success
kstack success
kstack success
kstack success
kstack success
kstack success
kstack success
kstack success
kstack success
kstack success
kstack success
kstack success
kstack success
kstack success
kstack success
kstack success
kstack success
kstack success
kstack success
kstack success
kstack success
kstack success
kstack success
kstack success
kstack success
kstack success
kstack success
kstack success
kstack success
kstack success
kstack success
kstack success
kstack success
kstack success
kstack success
kstack success
kstack success
kstack success
kstack success
kstack success
kstack success
kstack success
kstack success
kstack success
kstack success
kstack success
kstack success
kstack success
kstack success
kstack success
kstack success
kstack success
kstack success
kstack success
kstack success
kstack success
kstack success
kstack success
kstack success
kstack success
kstack success
kstack success
kstack success
kstack success
kstack success
kstack success
kstack success
kstack success
kstack success
kstack success
kstack success
kstack success
kstack success
kstack success
kstack success
kstack success
kstack success
kstack success
kstack success
kstack success
kstack success
kstack success
kstack success
kstack success
kstack success
kstack success
kstack success
kstack success
kstack success
kstack success
kstack success
kstack success
kstack success
kstack success
kstack success
kstack success
kstack success
kstack success
kstack success
kstack success
kstack success
kstack success
kstack success
kstack success
kstack success
kstack success
kstack success
kstack success
kstack success
kstack success
kstack success
kstack success
kstack success
kstack success
kstack success
kstack success
kstack success
kstack success
kstack success
kstack success
kstack success
kstack success
kstack success
kstack success
kstack success
kstack success
kstack success
kstack success
kstack success
kstack success
kstack success
kstack success
kstack success
kstack success
kstack success
kstack success
kstack success
kstack success
kstack success
kstack success
kstack success
kstack success
kstack success
kstack success
kstack success
kstack success
kstack success
kstack success
kstack success
kstack success
kstack success
kstack success
kstack success
kstack success
kstack success
kstack success
kstack success
kstack success
kstack success
kstack success
kstack success
kstack success
kstack success
kstack success
kstack success
kstack success
kstack success
kstack success
kstack success
kstack success
kstack success
kstack success
kstack success
kstack success
kstack success
kstack success
kstack success
kstack success
kstack success
kstack success
kstack success
kstack success
kstack success
kstack success
kstack success
kstack success
kstack success
kstack success
kstack success
kstack success
kstack success
kstack success
kstack success
kstack success
kstack success
kstack success
kstack success
kstack success
kstack success
kstack success
kstack success
kstack success
kstack success
kstack success
kstack success
kstack success
kstack success
kstack success
kstack success
kstack success
kstack success
kstack success
kstack success
kstack success
kstack success
kstack success
kstack success
kstack success
kstack success
kstack success
kstack success
kstack success
kstack success
kstack success
kstack success
kstack success
kstack success
kstack success
kstack success
kstack success
kstack success
kstack success
kstack success
kstack success
kstack success
kstack success
kstack success
kstack success
kstack success
kstack success
kstack success
kstack success
kstack success
kstack success
kstack success
kstack success
kstack success
kstack success
kstack success
kstack success
kstack success
kstack success
kstack success
kstack success
kstack success
kstack success
kstack success
kstack success
kstack success
kstack success
kstack success
kstack success
kstack success
kstack success
kstack success
kstack success
kstack success
kstack success
kstack success
kstack success
kstack success
kstack success
kstack success
kstack success
kstack success
kstack success
kstack success
kstack success
kstack success
kstack success
kstack success
kstack success
kstack success
kstack success
kstack success
kstack success
kstack success
kstack success
kstack success
kstack success
kstack success
kstack success
kstack success
kstack success
kstack success
kstack success
kstack success
kstack success
kstack success
kstack success
kstack success
kstack success
kstack success
kstack success
kstack success
kstack success
kstack success
kstack success
kstack success
kstack success
kstack success
kstack success
kstack success
kstack success
kstack success
kstack success
kstack success
kstack success
kstack success
kstack success
kstack success
kstack success
kstack success
kstack success
kstack success
kstack success
kstack success
kstack success
kstack success
kstack success
kstack success
kstack success
kstack success
kstack success
kstack success
kstack success
kstack success
kstack success
kstack success
kstack success
kstack success
kstack success
kstack success
kstack success
kstack success
kstack success
kstack success
kstack success
kstack success
kstack success
kstack success
kstack success
kstack success
kstack success
kstack success
kstack success
kstack success
kstack success
kstack success
kstack success
kstack success
kstack success
kstack success
kstack success
kstack success
kstack success
kstack success
kstack success
kstack success
kstack success
kstack success
kstack success
kstack success
kstack success
kstack success
kstack success
kstack success
kstack success
kstack success
kstack success
kstack success
kstack success
kstack success
kstack success
kstack success
kstack success
kstack success
kstack success
kstack success
kstack success
kstack success
kstack success
kstack success
kstack success
kstack success
kstack success
kstack success
kstack success
kstack success
kstack success
kstack success
kstack success
kstack success
kstack success
kstack success
kstack success
kstack success
kstack success
kstack success
kstack success
kstack success
kstack success
kstack success
kstack success
kstack success
kstack success
kstack success
kstack success
kstack success
kstack success
kstack success
kstack success
kstack success
kstack success
kstack success
kstack success
kstack success
kstack success
kstack success
kstack success
kstack success
kstack success
kstack success
kstack success
kstack success
kstack success
kstack success
kstack success
kstack success
kstack success
kstack success
kstack success
kstack success
kstack success
kstack success
kstack success
kstack success
kstack success
kstack success
kstack success
kstack success
kstack success
kstack success
kstack success
kstack success
kstack success
kstack success
kstack success
kstack success
kstack success
kstack success
kstack success
kstack success
kstack success
kstack success
kstack success
kstack success
kstack success
kstack success
kstack success
kstack success
kstack success
kstack success
kstack success
kstack success
kstack success
kstack success
kstack success
kstack success
kstack success
kstack success
kstack success
kstack success
kstack success
kstack success
kstack success
kstack success
kstack success
kstack success
kstack success
kstack success
kstack success
kstack success
kstack success
kstack success
kstack success
kstack success
kstack success
kstack success
kstack success
kstack success
kstack success
kstack success
kstack success
kstack success
kstack success
kstack success
kstack success
kstack success
kstack success
kstack success
kstack success
kstack success
kstack success
kstack success
kstack success
kstack success
kstack success
kstack success
kstack success
kstack success
kstack success
kstack success
kstack success
kstack success
kstack success
kstack success
kstack success
kstack success
kstack success
kstack success
kstack success
kstack success
kstack success
kstack success
kstack success
kstack success
kstack success
kstack success
kstack success
kstack success
kstack success
kstack success
kstack success
kstack success
kstack success
kstack success
kstack success
kstack success
kstack success
kstack success
kstack success
kstack success
kstack success
kstack success
kstack success
kstack success
kstack success
kstack success
kstack success
kstack success
kstack success
kstack success
kstack success
kstack success
kstack success
kstack success
kstack success
kstack success
kstack success
kstack success
kstack success
kstack success
kstack success
kstack success
kstack success
kstack success
kstack success
kstack success
kstack success
kstack success
kstack success
kstack success
kstack success
kstack success
kstack success
kstack success
kstack success
kstack success
kstack success
kstack success
kstack success
kstack success
kstack success
kstack success
kstack success
kstack success
kstack success
kstack success
kstack success
kstack success
kstack success
kstack success
kstack success
kstack success
kstack success
kstack success
kstack success
kstack success
kstack success
kstack success
kstack success
kstack success
kstack success
kstack success
kstack success
kstack success
kstack success
kstack success
kstack success
kstack success
kstack success
kstack success
kstack success
kstack success
kstack success
kstack success
kstack success
kstack success
kstack success
kstack success
kstack success
kstack success
kstack success
kstack success
kstack success
kstack success
kstack success
kstack success
kstack success
kstack success
kstack success
kstack success
kstack success
kstack success
kstack success
kstack success
kstack success
kstack success
kstack success
kstack success
kstack success
kstack success
kstack success
kstack success
kstack success
kstack success
kstack success
kstack success
kstack success
kstack success
kstack success
kstack success
kstack success
kstack success
kstack success
kstack success
kstack success
kstack success
kstack success
kstack success
kstack success
kstack success
kstack success
kstack success
kstack success
kstack success
kstack success
kstack success
kstack success
kstack success
kstack success
kstack success
kstack success
kstack success
kstack success
kstack success
kstack success
kstack success
kstack success
kstack success
kstack success
kstack success
kstack success
kstack success
kstack success
kstack success
kstack success
kstack success
kstack success
kstack success
kstack success
kstack success
kstack success
kstack success
kstack success
kstack success
kstack success
kstack success
kstack success
kstack success
kstack success
kstack success
kstack success
kstack success
kstack success
kstack success
kstack success
kstack success
kstack success
kstack success
kstack success
kstack success
kstack success
kstack success
kstack success
kstack success
kstack success
kstack success
kstack success
kstack success
kstack success
kstack success
kstack success
kstack success
kstack success
kstack success
kstack success
kstack success
kstack success
kstack success
kstack success
kstack success
kstack success
kstack success
kstack success
kstack success
kstack success
kstack success
kstack success
kstack success
kstack success
kstack success
kstack success
kstack success
kstack success
kstack success
kstack success
kstack success
kstack success
kstack success
kstack success
kstack success
kstack success
kstack success
kstack success
kstack success
kstack success
kstack success
kstack success
kstack success
kstack success
kstack success
kstack success
kstack success
kstack success
kstack success
kstack success
kstack success
kstack success
kstack success
kstack success
kstack success
kstack success
kstack success
kstack success
kstack success
kstack success
kstack success
kstack success
kstack success
kstack success
kstack success
kstack success
kstack success
kstack success
kstack success
kstack success
kstack success
kstack success
kstack success
kstack success
kstack success
kstack success
kstack success
kstack success
kstack success
kstack success
kstack success
kstack success
kstack success
kstack success
kstack success
kstack success
kstack success
kstack success
kstack success
kstack success
kstack success
kstack success
kstack success
kstack success
kstack success
kstack success
kstack success
kstack success
kstack success
kstack success
kstack success
kstack success
kstack success
kstack success
kstack success
kstack success
kstack success
kstack success
kstack success
kstack success
kstack success
kstack success
kstack success
kstack success
kstack success
kstack success
kstack success
kstack success
kstack success
kstack success
kstack success
kstack success
kstack success
kstack success
kstack success
kstack success
kstack success
kstack success
kstack success
kstack success
kstack success
kstack success
kstack success
kstack success
kstack success
kstack success
kstack success
kstack success
kstack success
kstack success
kstack success
kstack success
kstack success
kstack success
kstack success
kstack success
kstack success
kstack success
kstack success
kstack success
kstack success
kstack success
kstack success
kstack success
kstack success
kstack success
kstack success
kstack success
kstack success
kstack success
kstack success
kstack success
kstack success
kstack success
kstack success
kstack success
kstack success
kstack success
kstack success
kstack success
kstack success
kstack success
kstack success
kstack success
kstack success
kstack success
kstack success
kstack success
kstack success
kstack success
kstack success
kstack success
kstack success
kstack success
kstack success
kstack success
kstack success
kstack success
kstack success
kstack success
kstack success
kstack success
kstack success
kstack success
kstack success
kstack success
kstack success
kstack success
kstack success
kstack success
kstack success
kstack success
kstack success
kstack success
kstack success
kstack success
kstack success
kstack success
kstack success
kstack success
kstack success
kstack success
kstack success
kstack success
kstack success
kstack success
kstack success
kstack success
kstack success
kstack success
kstack success
kstack success
kstack success
kstack success
kstack success
kstack success
kstack success
kstack success
kstack success
kstack success
kstack success
kstack success
kstack success
kstack success
kstack success
kstack success
kstack success
kstack success
kstack success
kstack success
kstack success
kstack success
kstack success
kstack success
kstack success
kstack success
kstack success
kstack success
kstack success
kstack success
kstack success
kstack success
kstack success
kstack success
kstack success
kstack success
kstack success
kstack success
kstack success
kstack success
kstack success
kstack success
kstack success
kstack success
kstack success
kstack success
kstack success
kstack success
kstack success
kstack success
kstack success
kstack success
kstack success
kstack success
kstack success
kstack success
kstack success
kstack success
kstack success
kstack success
kstack success
kstack success
kstack success
kstack success
kstack success
kstack success
kstack success
kstack success
kstack success
kstack success
kstack success
kstack success
kstack success
kstack success
kstack success
kstack success
kstack success
kstack success
kstack success
kstack success
kstack success
kstack success
kstack success
kstack success
kstack success
kstack success
kstack success
kstack success
kstack success
kstack success
kstack success
kstack success
kstack success
kstack success
kstack success
kstack success
kstack success
kstack success
kstack success
kstack success
kstack success
kstack success
kstack success
kstack success
kstack success
kstack success
kstack success
kstack success
kstack success
kstack success
kstack success
kstack success
kstack success
kstack success
kstack success
kstack success
kstack success
kstack success
kstack success
kstack success
kstack success
kstack success
kstack success
kstack success
kstack success
kstack success
kstack success
kstack success
kstack success
kstack success
kstack success
kstack success
kstack success
kstack success
kstack success
kstack success
kstack success
kstack success
kstack success
kstack success
kstack success
kstack success
kstack success
kstack success
kstack success
kstack success
kstack success
kstack success
kstack success
kstack success
kstack success
kstack success
kstack success
kstack success
kstack success
kstack success
kstack success
kstack success
kstack success
kstack success
kstack success
kstack success
kstack success
kstack success
kstack success
kstack success
kstack success
kstack success
kstack success
kstack success
kstack success
kstack success
kstack success
kstack success
kstack success
kstack success
kstack success
kstack success
kstack success
kstack success
kstack success
kstack success
kstack success
kstack success
kstack success
kstack success
kstack success
kstack success
kstack success
kstack success
kstack success
kstack success
kstack success
kstack success
kstack success
kstack success
kstack success
kstack success
kstack success
kstack success
kstack success
kstack success
kstack success
kstack success
kstack success
kstack success
kstack success
kstack success
kstack success
kstack success
kstack success
kstack success
kstack success
kstack success
kstack success
kstack success
kstack success
kstack success
kstack success
kstack success
kstack success
kstack success
kstack success
kstack success
kstack success
kstack success
kstack success
kstack success
kstack success
kstack success
kstack success
kstack success
kstack success
kstack success
kstack success
kstack success
kstack success
kstack success
kstack success
kstack success
kstack success
kstack success
kstack success
kstack success
kstack success
kstack success
kstack success
kstack success
kstack success
kstack success
kstack success
kstack success
kstack success
kstack success
kstack success
kstack success
kstack success
kstack success
kstack success
kstack success
kstack success
kstack success
kstack success
kstack success
kstack success
kstack success
kstack success
kstack success
kstack success
kstack success
kstack success
kstack success
kstack success
qemu-system-riscv64: terminating on signal 15 from pid 3757 (make)
